<?xml version="1.0" encoding="UTF-8"?>
<!-- Generated by org.testng.reporters.JUnitXMLReporter -->
<testsuite hostname="INL-DVDNLC2" name="RegressionTestSuiteCC" tests="29" failures="3" timestamp="27 Jun 2017 12:47:20 GMT" time="7570.276" errors="0">
  <testcase name="newClaimCreationTest" time="201.054" classname="com.cgi.flex.testCases.ClaimCenter"/>
  <testcase name="claimLifeCycle01Test" time="161.777" classname="com.cgi.flex.testCases.ClaimCenter"/>
  <testcase name="policySearchandValidationTest" time="202.186" classname="com.cgi.flex.testCases.ClaimCenter"/>
  <testcase name="claimLifeCycle02Test" time="161.602" classname="com.cgi.flex.testCases.ClaimCenter"/>
  <testcase name="enterLossDetailsTest" time="191.454" classname="com.cgi.flex.testCases.ClaimCenter"/>
  <testcase name="claimLifeCycle03Test" time="161.648" classname="com.cgi.flex.testCases.ClaimCenter"/>
  <testcase name="verifyIncidentContentCoverageTest" time="191.578" classname="com.cgi.flex.testCases.ClaimCenter"/>
  <testcase name="claimLifeCycle04Test" time="161.789" classname="com.cgi.flex.testCases.ClaimCenter"/>
  <testcase name="verifyIncidentPartsOfFlatCoverageTest" time="194.69" classname="com.cgi.flex.testCases.ClaimCenter"/>
  <testcase name="claimLifeCycle05Test" time="161.802" classname="com.cgi.flex.testCases.ClaimCenter"/>
  <testcase name="verifyIncidentLegalExpenseCoverageTest" time="194.988" classname="com.cgi.flex.testCases.ClaimCenter"/>
  <testcase name="verifyIncidentLiabilityCoverageTest" time="194.835" classname="com.cgi.flex.testCases.ClaimCenter"/>
  <testcase name="verifyReservesInLegalExpensesTest" time="202.845" classname="com.cgi.flex.testCases.ClaimCenter"/>
  <testcase name="verifyReservesInPartsOfFlatTest" time="202.876" classname="com.cgi.flex.testCases.ClaimCenter"/>
  <testcase name="claimInspectionTest" time="235.766" classname="com.cgi.flex.testCases.ClaimCenter"/>
  <testcase name="verifyExposureContentCoverageTest" time="644.609" classname="com.cgi.flex.testCases.ClaimCenter"/>
  <testcase name="verifyExposureLegalExpenseCoverageTest" time="286.397" classname="com.cgi.flex.testCases.ClaimCenter"/>
  <testcase name="verifyExposurePartsofFlatCoverageTest" time="511.217" classname="com.cgi.flex.testCases.ClaimCenter"/>
  <testcase name="verifyExposureLiabilityCoverageTest" time="217.193" classname="com.cgi.flex.testCases.ClaimCenter"/>
  <testcase name="verifyCostCategoryCoverageMappingPOFTest" time="240.993" classname="com.cgi.flex.testCases.ClaimCenter"/>
  <testcase name="createPaymentsTest" time="206.483" classname="com.cgi.flex.testCases.ClaimCenter">
    <failure type="org.openqa.selenium.NoSuchElementException" message="Unable to find element with id == NormalCreateCheckWizard:CheckWizard_CheckPayeesScreen:NewCheckPayeeDV:PrimaryPayee_Name-inputEl (WARNING: The server did not provide any stacktrace information)
Command duration or timeout: 60.29 seconds
For documentation on this error, please visit: http://seleniumhq.org/exceptions/no_such_element.html
Build info: version: &amp;apos;2.53.0&amp;apos;, revision: &amp;apos;35ae25b1534ae328c771e0856c93e187490ca824&amp;apos;, time: &amp;apos;2016-03-15 10:43:46&amp;apos;
System info: host: &amp;apos;INL-DVDNLC2&amp;apos;, ip: &amp;apos;10.154.77.57&amp;apos;, os.name: &amp;apos;Windows 7&amp;apos;, os.arch: &amp;apos;amd64&amp;apos;, os.version: &amp;apos;6.1&amp;apos;, java.version: &amp;apos;1.7.0_45&amp;apos;
*** Element info: {Using=id, value=NormalCreateCheckWizard:CheckWizard_CheckPayeesScreen:NewCheckPayeeDV:PrimaryPayee_Name-inputEl}
Session ID: 69447e69-e48e-4aec-acda-af2831b0fce1
Driver info: org.openqa.selenium.ie.InternetExplorerDriver
Capabilities [{platform=WINDOWS, javascriptEnabled=true, browserName=internet explorer, unexpectedAlertBehaviour=dismiss, se:ieOptions={elementScrollBehavior=0, ignoreZoomSetting=false, enablePersistentHover=true, ie.ensureCleanSession=false, enableElementCacheCleanup=true, ie.enableFullPageScreenshot=true, ie.useLegacyFileUploadDialogHandling=false, ie.fileUploadDialogTimeout=3000, ie.forceShellWindowsApi=false, ignoreProtectedModeSettings=true, requireWindowFocus=false, initialBrowserUrl=http://localhost:45243/, ie.forceCreateProcessApi=false, nativeEvents=true, browserAttachTimeout=0, ie.browserCommandLineSwitches=}, version=11, pageLoadStrategy=normal}]">
      <![CDATA[org.openqa.selenium.NoSuchElementException: Unable to find element with id == NormalCreateCheckWizard:CheckWizard_CheckPayeesScreen:NewCheckPayeeDV:PrimaryPayee_Name-inputEl (WARNING: The server did not provide any stacktrace information)
Command duration or timeout: 60.29 seconds
For documentation on this error, please visit: http://seleniumhq.org/exceptions/no_such_element.html
Build info: version: '2.53.0', revision: '35ae25b1534ae328c771e0856c93e187490ca824', time: '2016-03-15 10:43:46'
System info: host: 'INL-DVDNLC2', ip: '10.154.77.57', os.name: 'Windows 7', os.arch: 'amd64', os.version: '6.1', java.version: '1.7.0_45'
*** Element info: {Using=id, value=NormalCreateCheckWizard:CheckWizard_CheckPayeesScreen:NewCheckPayeeDV:PrimaryPayee_Name-inputEl}
Session ID: 69447e69-e48e-4aec-acda-af2831b0fce1
Driver info: org.openqa.selenium.ie.InternetExplorerDriver
Capabilities [{platform=WINDOWS, javascriptEnabled=true, browserName=internet explorer, unexpectedAlertBehaviour=dismiss, se:ieOptions={elementScrollBehavior=0, ignoreZoomSetting=false, enablePersistentHover=true, ie.ensureCleanSession=false, enableElementCacheCleanup=true, ie.enableFullPageScreenshot=true, ie.useLegacyFileUploadDialogHandling=false, ie.fileUploadDialogTimeout=3000, ie.forceShellWindowsApi=false, ignoreProtectedModeSettings=true, requireWindowFocus=false, initialBrowserUrl=http://localhost:45243/, ie.forceCreateProcessApi=false, nativeEvents=true, browserAttachTimeout=0, ie.browserCommandLineSwitches=}, version=11, pageLoadStrategy=normal}]
	at org.openqa.selenium.remote.ErrorHandler.createThrowable(ErrorHandler.java:206)
	at org.openqa.selenium.remote.ErrorHandler.throwIfResponseFailed(ErrorHandler.java:158)
	at org.openqa.selenium.remote.RemoteWebDriver.execute(RemoteWebDriver.java:678)
	at org.openqa.selenium.remote.RemoteWebDriver.findElement(RemoteWebDriver.java:363)
	at org.openqa.selenium.remote.RemoteWebDriver.findElementById(RemoteWebDriver.java:413)
	at org.openqa.selenium.By$ById.findElement(By.java:218)
	at org.openqa.selenium.remote.RemoteWebDriver.findElement(RemoteWebDriver.java:355)
	at com.cgi.flex.pages.EnterPayeeInformationPage.dropdownNamePrimaryPayeeEPI(EnterPayeeInformationPage.java:21)
	at com.cgi.flex.testCases.ClaimCenter.createPaymentsTest(ClaimCenter.java:2711)
... Removed 28 stack frames]]>
    </failure>
  </testcase> <!-- createPaymentsTest -->
  <testcase name="verifyCostCategoryCoverageMappingCCTest" time="219.383" classname="com.cgi.flex.testCases.ClaimCenter"/>
  <testcase name="cancelPaymentsTest" time="334.056" classname="com.cgi.flex.testCases.ClaimCenter">
    <failure type="org.openqa.selenium.NoSuchElementException" message="Unable to find element with id == ClaimFinancialsChecksDetail:ClaimFinancialsChecksDetailScreen:ClaimFinancialsChecksDetail_DeleteButton-btnInnerEl (WARNING: The server did not provide any stacktrace information)
Command duration or timeout: 60.19 seconds
For documentation on this error, please visit: http://seleniumhq.org/exceptions/no_such_element.html
Build info: version: &amp;apos;2.53.0&amp;apos;, revision: &amp;apos;35ae25b1534ae328c771e0856c93e187490ca824&amp;apos;, time: &amp;apos;2016-03-15 10:43:46&amp;apos;
System info: host: &amp;apos;INL-DVDNLC2&amp;apos;, ip: &amp;apos;10.154.77.57&amp;apos;, os.name: &amp;apos;Windows 7&amp;apos;, os.arch: &amp;apos;amd64&amp;apos;, os.version: &amp;apos;6.1&amp;apos;, java.version: &amp;apos;1.7.0_45&amp;apos;
*** Element info: {Using=id, value=ClaimFinancialsChecksDetail:ClaimFinancialsChecksDetailScreen:ClaimFinancialsChecksDetail_DeleteButton-btnInnerEl}
Session ID: 7d0141cd-8db4-47b2-8c29-db3b30ffbcb7
Driver info: org.openqa.selenium.ie.InternetExplorerDriver
Capabilities [{platform=WINDOWS, javascriptEnabled=true, browserName=internet explorer, unexpectedAlertBehaviour=dismiss, se:ieOptions={elementScrollBehavior=0, ignoreZoomSetting=false, enablePersistentHover=true, ie.ensureCleanSession=false, enableElementCacheCleanup=true, ie.enableFullPageScreenshot=true, ie.useLegacyFileUploadDialogHandling=false, ie.fileUploadDialogTimeout=3000, ie.forceShellWindowsApi=false, ignoreProtectedModeSettings=true, requireWindowFocus=false, initialBrowserUrl=http://localhost:44888/, ie.forceCreateProcessApi=false, nativeEvents=true, browserAttachTimeout=0, ie.browserCommandLineSwitches=}, version=11, pageLoadStrategy=normal}]">
      <![CDATA[org.openqa.selenium.NoSuchElementException: Unable to find element with id == ClaimFinancialsChecksDetail:ClaimFinancialsChecksDetailScreen:ClaimFinancialsChecksDetail_DeleteButton-btnInnerEl (WARNING: The server did not provide any stacktrace information)
Command duration or timeout: 60.19 seconds
For documentation on this error, please visit: http://seleniumhq.org/exceptions/no_such_element.html
Build info: version: '2.53.0', revision: '35ae25b1534ae328c771e0856c93e187490ca824', time: '2016-03-15 10:43:46'
System info: host: 'INL-DVDNLC2', ip: '10.154.77.57', os.name: 'Windows 7', os.arch: 'amd64', os.version: '6.1', java.version: '1.7.0_45'
*** Element info: {Using=id, value=ClaimFinancialsChecksDetail:ClaimFinancialsChecksDetailScreen:ClaimFinancialsChecksDetail_DeleteButton-btnInnerEl}
Session ID: 7d0141cd-8db4-47b2-8c29-db3b30ffbcb7
Driver info: org.openqa.selenium.ie.InternetExplorerDriver
Capabilities [{platform=WINDOWS, javascriptEnabled=true, browserName=internet explorer, unexpectedAlertBehaviour=dismiss, se:ieOptions={elementScrollBehavior=0, ignoreZoomSetting=false, enablePersistentHover=true, ie.ensureCleanSession=false, enableElementCacheCleanup=true, ie.enableFullPageScreenshot=true, ie.useLegacyFileUploadDialogHandling=false, ie.fileUploadDialogTimeout=3000, ie.forceShellWindowsApi=false, ignoreProtectedModeSettings=true, requireWindowFocus=false, initialBrowserUrl=http://localhost:44888/, ie.forceCreateProcessApi=false, nativeEvents=true, browserAttachTimeout=0, ie.browserCommandLineSwitches=}, version=11, pageLoadStrategy=normal}]
	at org.openqa.selenium.remote.ErrorHandler.createThrowable(ErrorHandler.java:206)
	at org.openqa.selenium.remote.ErrorHandler.throwIfResponseFailed(ErrorHandler.java:158)
	at org.openqa.selenium.remote.RemoteWebDriver.execute(RemoteWebDriver.java:678)
	at org.openqa.selenium.remote.RemoteWebDriver.findElement(RemoteWebDriver.java:363)
	at org.openqa.selenium.remote.RemoteWebDriver.findElementById(RemoteWebDriver.java:413)
	at org.openqa.selenium.By$ById.findElement(By.java:218)
	at org.openqa.selenium.remote.RemoteWebDriver.findElement(RemoteWebDriver.java:355)
	at com.cgi.flex.pages.CheckDetailsPage.btndelete(CheckDetailsPage.java:22)
	at com.cgi.flex.testCases.ClaimCenter.cancelPaymentsTest(ClaimCenter.java:3027)
... Removed 28 stack frames]]>
    </failure>
  </testcase> <!-- cancelPaymentsTest -->
  <testcase name="verifyCostCategoryCoverageMappingLECTest" time="279.703" classname="com.cgi.flex.testCases.ClaimCenter"/>
  <testcase name="verifyCostCategoryCoverageMappingLCTest" time="339.687" classname="com.cgi.flex.testCases.ClaimCenter"/>
  <testcase name="verifyCoverabilityDecisionTest" time="192.351" classname="com.cgi.flex.testCases.ClaimCenter"/>
  <testcase name="deductionTest" time="315.665" classname="com.cgi.flex.testCases.ClaimCenter">
    <failure type="org.openqa.selenium.NoSuchElementException" message="Unable to find element with id == NormalCreateCheckWizard:CheckWizard_CheckPayeesScreen:NewCheckPayeeDV:PrimaryPayee_Name-inputEl (WARNING: The server did not provide any stacktrace information)
Command duration or timeout: 60.28 seconds
For documentation on this error, please visit: http://seleniumhq.org/exceptions/no_such_element.html
Build info: version: &amp;apos;2.53.0&amp;apos;, revision: &amp;apos;35ae25b1534ae328c771e0856c93e187490ca824&amp;apos;, time: &amp;apos;2016-03-15 10:43:46&amp;apos;
System info: host: &amp;apos;INL-DVDNLC2&amp;apos;, ip: &amp;apos;10.154.77.57&amp;apos;, os.name: &amp;apos;Windows 7&amp;apos;, os.arch: &amp;apos;amd64&amp;apos;, os.version: &amp;apos;6.1&amp;apos;, java.version: &amp;apos;1.7.0_45&amp;apos;
*** Element info: {Using=id, value=NormalCreateCheckWizard:CheckWizard_CheckPayeesScreen:NewCheckPayeeDV:PrimaryPayee_Name-inputEl}
Session ID: 550f8275-6899-4f10-bdd8-4040790d776e
Driver info: org.openqa.selenium.ie.InternetExplorerDriver
Capabilities [{platform=WINDOWS, javascriptEnabled=true, browserName=internet explorer, unexpectedAlertBehaviour=dismiss, se:ieOptions={elementScrollBehavior=0, ignoreZoomSetting=false, enablePersistentHover=true, ie.ensureCleanSession=false, enableElementCacheCleanup=true, ie.enableFullPageScreenshot=true, ie.useLegacyFileUploadDialogHandling=false, ie.fileUploadDialogTimeout=3000, ie.forceShellWindowsApi=false, ignoreProtectedModeSettings=true, requireWindowFocus=false, initialBrowserUrl=http://localhost:30988/, ie.forceCreateProcessApi=false, nativeEvents=true, browserAttachTimeout=0, ie.browserCommandLineSwitches=}, version=11, pageLoadStrategy=normal}]">
      <![CDATA[org.openqa.selenium.NoSuchElementException: Unable to find element with id == NormalCreateCheckWizard:CheckWizard_CheckPayeesScreen:NewCheckPayeeDV:PrimaryPayee_Name-inputEl (WARNING: The server did not provide any stacktrace information)
Command duration or timeout: 60.28 seconds
For documentation on this error, please visit: http://seleniumhq.org/exceptions/no_such_element.html
Build info: version: '2.53.0', revision: '35ae25b1534ae328c771e0856c93e187490ca824', time: '2016-03-15 10:43:46'
System info: host: 'INL-DVDNLC2', ip: '10.154.77.57', os.name: 'Windows 7', os.arch: 'amd64', os.version: '6.1', java.version: '1.7.0_45'
*** Element info: {Using=id, value=NormalCreateCheckWizard:CheckWizard_CheckPayeesScreen:NewCheckPayeeDV:PrimaryPayee_Name-inputEl}
Session ID: 550f8275-6899-4f10-bdd8-4040790d776e
Driver info: org.openqa.selenium.ie.InternetExplorerDriver
Capabilities [{platform=WINDOWS, javascriptEnabled=true, browserName=internet explorer, unexpectedAlertBehaviour=dismiss, se:ieOptions={elementScrollBehavior=0, ignoreZoomSetting=false, enablePersistentHover=true, ie.ensureCleanSession=false, enableElementCacheCleanup=true, ie.enableFullPageScreenshot=true, ie.useLegacyFileUploadDialogHandling=false, ie.fileUploadDialogTimeout=3000, ie.forceShellWindowsApi=false, ignoreProtectedModeSettings=true, requireWindowFocus=false, initialBrowserUrl=http://localhost:30988/, ie.forceCreateProcessApi=false, nativeEvents=true, browserAttachTimeout=0, ie.browserCommandLineSwitches=}, version=11, pageLoadStrategy=normal}]
	at org.openqa.selenium.remote.ErrorHandler.createThrowable(ErrorHandler.java:206)
	at org.openqa.selenium.remote.ErrorHandler.throwIfResponseFailed(ErrorHandler.java:158)
	at org.openqa.selenium.remote.RemoteWebDriver.execute(RemoteWebDriver.java:678)
	at org.openqa.selenium.remote.RemoteWebDriver.findElement(RemoteWebDriver.java:363)
	at org.openqa.selenium.remote.RemoteWebDriver.findElementById(RemoteWebDriver.java:413)
	at org.openqa.selenium.By$ById.findElement(By.java:218)
	at org.openqa.selenium.remote.RemoteWebDriver.findElement(RemoteWebDriver.java:355)
	at com.cgi.flex.pages.EnterPayeeInformationPage.dropdownNamePrimaryPayeeEPI(EnterPayeeInformationPage.java:21)
	at com.cgi.flex.testCases.ClaimCenter.deductionTest(ClaimCenter.java:2874)
... Removed 28 stack frames]]>
    </failure>
  </testcase> <!-- deductionTest -->
  <testcase name="verifyCoverabilityDecisionPerDemandTest" time="303.712" classname="com.cgi.flex.testCases.ClaimCenter"/>
  <testcase name="verifyCoverabilityDecisionPerDemandWithYesTest" time="212.696" classname="com.cgi.flex.testCases.ClaimCenter"/>
</testsuite> <!-- RegressionTestSuiteCC -->
